<?xml version="1.0" encoding="UTF-8"?>
<!-- Generated by org.testng.reporters.JUnitReportReporter -->
<testsuite hostname="DESKTOP-PSPSVDJ" failures="0" tests="1" name="Selenium.sauceDemo.OrderProductTest" time="2.243" errors="0" timestamp="2023-02-19T16:56:30 EST" skipped="0">
  <testcase classname="Selenium.sauceDemo.OrderProductTest" name="product_Order" time="2.243"/>
  <system-out/>
</testsuite> <!-- Selenium.sauceDemo.OrderProductTest -->
