<?xml version="1.0" encoding="UTF-8"?>
<!-- Generated by org.testng.reporters.JUnitReportReporter -->
<testsuite hostname="DESKTOP-PSPSVDJ" failures="0" tests="1" name="Selenium.sauceDemo.SendEmail" time="10.424" errors="0" timestamp="2023-02-21T10:42:50 EST" skipped="0">
  <testcase classname="Selenium.sauceDemo.SendEmail" name="email" time="10.424"/>
  <system-out/>
</testsuite> <!-- Selenium.sauceDemo.SendEmail -->
